662 | 662 
71 | 733 
805 | 1538 
862 | 2400 
680 | 3080 
811 | 3891 
846 | 4737 
855 | 5592 
230 | 5822 
92 | 5914 
92 | 6006 
360 | 6366 
664 | 7030 
881 | 7911 
677 | 8588 
934 | 9522 
780 | 10302 
8 | 10310 
654 | 10964 
959 | 11923 
539 | 12462 
21 | 12483 
379 | 12862 
969 | 13831 
976 | 14807 
872 | 15679 
579 | 16258 
566 | 16824 
652 | 17476 
809 | 18285 
482 | 18767 
394 | 19161 
492 | 19653 
303 | 19956 
650 | 20606 
38 | 20644 
106 | 20750 
385 | 21135 
793 | 21928 
865 | 22793 
220 | 23013 
349 | 23362 
691 | 24053 
392 | 24445 
797 | 25242 
11 | 25253 
890 | 26143 
870 | 27013 
156 | 27169 
733 | 27902 
921 | 28823 
203 | 29026 
238 | 29264 
188 | 29452 
294 | 29746 
58 | 29804 
408 | 30212 
677 | 30889 
778 | 31667 
104 | 31771 
411 | 32182 
706 | 32888 
249 | 33137 
638 | 33775 
848 | 34623 
948 | 35571 
917 | 36488 
817 | 37305 
346 | 37651 
69 | 37720 
310 | 38030 
118 | 38148 
428 | 38576 
785 | 39361 
931 | 40292 
217 | 40509 
934 | 41443 
475 | 41918 
844 | 42762 
885 | 43647 
66 | 43713 
587 | 44300 
74 | 44374 
773 | 45147 
194 | 45341 
107 | 45448 
375 | 45823 
826 | 46649 
190 | 46839 
498 | 47337 
212 | 47549 
398 | 47947 
474 | 48421 
925 | 49346 
949 | 50295 
213 | 50508 
353 | 50861 
853 | 51714 
33 | 51747 
164 | 51911 
998 | 52909 
325 | 53234 
640 | 53874 
823 | 54697 
957 | 55654 
746 | 56400 
777 | 57177 
264 | 57441 
904 | 58345 
457 | 58802 
325 | 59127 
390 | 59517 
618 | 60135 
265 | 60400 
670 | 61070 
165 | 61235 
909 | 62144 
634 | 62778 
810 | 63588 
503 | 64091 
438 | 64529 
904 | 65433 
563 | 65996 
345 | 66341 
597 | 66938 
758 | 67696 
154 | 67850 
941 | 68791 
612 | 69403 
691 | 70094 
336 | 70430 
837 | 71267 
489 | 71756 
462 | 72218 
995 | 73213 
106 | 73319 
383 | 73702 
911 | 74613 
467 | 75080 
44 | 75124 
445 | 75569 
765 | 76334 
647 | 76981 
464 | 77445 
226 | 77671 
151 | 77822 
116 | 77938 
249 | 78187 
929 | 79116 
500 | 79616 
140 | 79756 
18 | 79774 
823 | 80597 
454 | 81051 
968 | 82019 
118 | 82137 
762 | 82899 
8 | 82907 
304 | 83211 
620 | 83831 
573 | 84404 
878 | 85282 
273 | 85555 
572 | 86127 
661 | 86788 
527 | 87315 
971 | 88286 
259 | 88545 
83 | 88628 
983 | 89611 
492 | 90103 
166 | 90269 
339 | 90608 
978 | 91586 
373 | 91959 
340 | 92299 
761 | 93060 
758 | 93818 
934 | 94752 
550 | 95302 
148 | 95450 
25 | 95475 
236 | 95711 
624 | 96335 
393 | 96728 
62 | 96790 
167 | 96957 
716 | 97673 
380 | 98053 
873 | 98926 
812 | 99738 
362 | 100100 
115 | 100215 
537 | 100752 
697 | 101449 
159 | 101608 
522 | 102130 
41 | 102171 
812 | 102983 
13 | 102996 
529 | 103525 
374 | 103899 
143 | 104042 
109 | 104151 
365 | 104516 
952 | 105468 
122 | 105590 
555 | 106145 
937 | 107082 
674 | 107756 
774 | 108530 
371 | 108901 
38 | 108939 
304 | 109243 
750 | 109993 
715 | 110708 
873 | 111581 
819 | 112400 
165 | 112565 
928 | 113493 
345 | 113838 
77 | 113915 
478 | 114393 
743 | 115136 
417 | 115553 
802 | 116355 
230 | 116585 
509 | 117094 
573 | 117667 
219 | 117886 
675 | 118561 
865 | 119426 
13 | 119439 
25 | 119464 
62 | 119526 
4 | 119530 
980 | 120510 
145 | 120655 
556 | 121211 
278 | 121489 
85 | 121574 
442 | 122016 
972 | 122988 
541 | 123529 
91 | 123620 
614 | 124234 
485 | 124719 
680 | 125399 
792 | 126191 
541 | 126732 
486 | 127218 
653 | 127871 
247 | 128118 
778 | 128896 
680 | 129576 
980 | 130556 
710 | 131266 
494 | 131760 
88 | 131848 
825 | 132673 
629 | 133302 
439 | 133741 
89 | 133830 
430 | 134260 
401 | 134661 
660 | 135321 
407 | 135728 
883 | 136611 
265 | 136876 
438 | 137314 
390 | 137704 
388 | 138092 
861 | 138953 
798 | 139751 
417 | 140168 
551 | 140719 
102 | 140821 
332 | 141153 
804 | 141957 
463 | 142420 
649 | 143069 
188 | 143257 
992 | 144249 
754 | 145003 
203 | 145206 
912 | 146118 
732 | 146850 
490 | 147340 
214 | 147554 
134 | 147688 
805 | 148493 
934 | 149427 
835 | 150262 
622 | 150884 
541 | 151425 
861 | 152286 
442 | 152728 
874 | 153602 
458 | 154060 
955 | 155015 
985 | 156000 
172 | 156172 
497 | 156669 
310 | 156979 
341 | 157320 
644 | 157964 
246 | 158210 
909 | 159119 
320 | 159439 
893 | 160332 
150 | 160482 
717 | 161199 
833 | 162032 
178 | 162210 
622 | 162832 
681 | 163513 
414 | 163927 
612 | 164539 
678 | 165217 
336 | 165553 
715 | 166268 
407 | 166675 
611 | 167286 
42 | 167328 
159 | 167487 
97 | 167584 
355 | 167939 
954 | 168893 
967 | 169860 
120 | 169980 
519 | 170499 
382 | 170881 
974 | 171855 
539 | 172394 
132 | 172526 
702 | 173228 
923 | 174151 
905 | 175056 
971 | 176027 
453 | 176480 
149 | 176629 
717 | 177346 
400 | 177746 
618 | 178364 
295 | 178659 
644 | 179303 
786 | 180089 
287 | 180376 
810 | 181186 
908 | 182094 
168 | 182262 
903 | 183165 
483 | 183648 
750 | 184398 
108 | 184506 
570 | 185076 
934 | 186010 
523 | 186533 
736 | 187269 
889 | 188158 
557 | 188715 
913 | 189628 
107 | 189735 
852 | 190587 
241 | 190828 
974 | 191802 
42 | 191844 
268 | 192112 
610 | 192722 
894 | 193616 
242 | 193858 
150 | 194008 
907 | 194915 
924 | 195839 
529 | 196368 
267 | 196635 
692 | 197327 
505 | 197832 
265 | 198097 
95 | 198192 
137 | 198329 
347 | 198676 
268 | 198944 
753 | 199697 
12 | 199709 
955 | 200664 
258 | 200922 
854 | 201776 
253 | 202029 
15 | 202044 
506 | 202550 
559 | 203109 
376 | 203485 
892 | 204377 
593 | 204970 
682 | 205652 
750 | 206402 
10 | 206412 
187 | 206599 
540 | 207139 
866 | 208005 
437 | 208442 
994 | 209436 
730 | 210166 
404 | 210570 
703 | 211273 
507 | 211780 
126 | 211906 
300 | 212206 
315 | 212521 
572 | 213093 
793 | 213886 
309 | 214195 
518 | 214713 
437 | 215150 
182 | 215332 
310 | 215642 
176 | 215818 
129 | 215947 
882 | 216829 
256 | 217085 
249 | 217334 
71 | 217405 
76 | 217481 
54 | 217535 
910 | 218445 
734 | 219179 
445 | 219624 
807 | 220431 
75 | 220506 
907 | 221413 
477 | 221890 
247 | 222137 
855 | 222992 
647 | 223639 
558 | 224197 
407 | 224604 
129 | 224733 
322 | 225055 
235 | 225290 
821 | 226111 
767 | 226878 
35 | 226913 
824 | 227737 
338 | 228075 
55 | 228130 
232 | 228362 
814 | 229176 
546 | 229722 
582 | 230304 
509 | 230813 
270 | 231083 
33 | 231116 
673 | 231789 
257 | 232046 
793 | 232839 
831 | 233670 
805 | 234475 
871 | 235346 
701 | 236047 
503 | 236550 
710 | 237260 
37 | 237297 
897 | 238194 
516 | 238710 
330 | 239040 
371 | 239411 
324 | 239735 
875 | 240610 
293 | 240903 
510 | 241413 
332 | 241745 
2 | 241747 
558 | 242305 
147 | 242452 
926 | 243378 
426 | 243804 
142 | 243946 
184 | 244130 
746 | 244876 
755 | 245631 
285 | 245916 
221 | 246137 
571 | 246708 
539 | 247247 
644 | 247891 
333 | 248224 
499 | 248723 
510 | 249233 
257 | 249490 
583 | 250073 
408 | 250481 
396 | 250877 
493 | 251370 
489 | 251859 
380 | 252239 
908 | 253147 
711 | 253858 
561 | 254419 
24 | 254443 
559 | 255002 
548 | 255550 
769 | 256319 
630 | 256949 
504 | 257453 
893 | 258346 
605 | 258951 
653 | 259604 
418 | 260022 
576 | 260598 
815 | 261413 
481 | 261894 
859 | 262753 
180 | 262933 
137 | 263070 
275 | 263345 
77 | 263422 
551 | 263973 
901 | 264874 
683 | 265557 
638 | 266195 
671 | 266866 
908 | 267774 
360 | 268134 
611 | 268745 
136 | 268881 
722 | 269603 
702 | 270305 
514 | 270819 
315 | 271134 
147 | 271281 
830 | 272111 
377 | 272488 
39 | 272527 
384 | 272911 
748 | 273659 
265 | 273924 
271 | 274195 
882 | 275077 
45 | 275122 
329 | 275451 
787 | 276238 
311 | 276549 
115 | 276664 
840 | 277504 
513 | 278017 
695 | 278712 
666 | 279378 
256 | 279634 
999 | 280633 
651 | 281284 
457 | 281741 
34 | 281775 
933 | 282708 
156 | 282864 
627 | 283491 
24 | 283515 
177 | 283692 
22 | 283714 
775 | 284489 
668 | 285157 
685 | 285842 
947 | 286789 
172 | 286961 
295 | 287256 
540 | 287796 
76 | 287872 
337 | 288209 
343 | 288552 
18 | 288570 
914 | 289484 
449 | 289933 
239 | 290172 
163 | 290335 
770 | 291105 
824 | 291929 
513 | 292442 
841 | 293283 
199 | 293482 
317 | 293799 
570 | 294369 
122 | 294491 
179 | 294670 
138 | 294808 
647 | 295455 
376 | 295831 
65 | 295896 
221 | 296117 
50 | 296167 
350 | 296517 
757 | 297274 
88 | 297362 
582 | 297944 
893 | 298837 
403 | 299240 
865 | 300105 
927 | 301032 
892 | 301924 
130 | 302054 
232 | 302286 
709 | 302995 
105 | 303100 
926 | 304026 
966 | 304992 
200 | 305192 
884 | 306076 
338 | 306414 
155 | 306569 
822 | 307391 
609 | 308000 
84 | 308084 
935 | 309019 
481 | 309500 
968 | 310468 
64 | 310532 
337 | 310869 
152 | 311021 
203 | 311224 
70 | 311294 
627 | 311921 
491 | 312412 
321 | 312733 
282 | 313015 
512 | 313527 
282 | 313809 
564 | 314373 
625 | 314998 
746 | 315744 
825 | 316569 
361 | 316930 
908 | 317838 
335 | 318173 
332 | 318505 
509 | 319014 
216 | 319230 
617 | 319847 
896 | 320743 
946 | 321689 
657 | 322346 
255 | 322601 
724 | 323325 
830 | 324155 
122 | 324277 
66 | 324343 
15 | 324358 
858 | 325216 
150 | 325366 
91 | 325457 
969 | 326426 
104 | 326530 
870 | 327400 
281 | 327681 
796 | 328477 
853 | 329330 
316 | 329646 
984 | 330630 
288 | 330918 
86 | 331004 
376 | 331380 
804 | 332184 
405 | 332589 
265 | 332854 
152 | 333006 
671 | 333677 
545 | 334222 
549 | 334771 
37 | 334808 
313 | 335121 
110 | 335231 
578 | 335809 
414 | 336223 
496 | 336719 
536 | 337255 
20 | 337275 
471 | 337746 
397 | 338143 
437 | 338580 
996 | 339576 
18 | 339594 
200 | 339794 
308 | 340102 
147 | 340249 
319 | 340568 
12 | 340580 
465 | 341045 
992 | 342037 
71 | 342108 
712 | 342820 
123 | 342943 
629 | 343572 
153 | 343725 
945 | 344670 
340 | 345010 
850 | 345860 
922 | 346782 
812 | 347594 
259 | 347853 
577 | 348430 
452 | 348882 
620 | 349502 
567 | 350069 
784 | 350853 
985 | 351838 
934 | 352772 
280 | 353052 
394 | 353446 
589 | 354035 
191 | 354226 
622 | 354848 
124 | 354972 
764 | 355736 
663 | 356399 
165 | 356564 
318 | 356882 
896 | 357778 
856 | 358634 
705 | 359339 
751 | 360090 
46 | 360136 
698 | 360834 
132 | 360966 
81 | 361047 
264 | 361311 
538 | 361849 
808 | 362657 
166 | 362823 
130 | 362953 
428 | 363381 
803 | 364184 
938 | 365122 
514 | 365636 
430 | 366066 
469 | 366535 
26 | 366561 
473 | 367034 
13 | 367047 
656 | 367703 
242 | 367945 
829 | 368774 
682 | 369456 
594 | 370050 
968 | 371018 
180 | 371198 
131 | 371329 
781 | 372110 
294 | 372404 
990 | 373394 
344 | 373738 
184 | 373922 
42 | 373964 
153 | 374117 
32 | 374149 
303 | 374452 
334 | 374786 
620 | 375406 
821 | 376227 
172 | 376399 
32 | 376431 
470 | 376901 
698 | 377599 
397 | 377996 
301 | 378297 
325 | 378622 
124 | 378746 
827 | 379573 
861 | 380434 
857 | 381291 
876 | 382167 
808 | 382975 
581 | 383556 
644 | 384200 
3 | 384203 
190 | 384393 
607 | 385000 
175 | 385175 
712 | 385887 
724 | 386611 
358 | 386969 
31 | 387000 
270 | 387270 
915 | 388185 
894 | 389079 
453 | 389532 
845 | 390377 
793 | 391170 
914 | 392084 
99 | 392183 
596 | 392779 
597 | 393376 
813 | 394189 
831 | 395020 
261 | 395281 
95 | 395376 
537 | 395913 
302 | 396215 
414 | 396629 
931 | 397560 
65 | 397625 
679 | 398304 
839 | 399143 
644 | 399787 
262 | 400049 
461 | 400510 
424 | 400934 
954 | 401888 
43 | 401931 
778 | 402709 
464 | 403173 
822 | 403995 
706 | 404701 
289 | 404990 
459 | 405449 
234 | 405683 
11 | 405694 
373 | 406067 
620 | 406687 
536 | 407223 
100 | 407323 
907 | 408230 
159 | 408389 
998 | 409387 
832 | 410219 
806 | 411025 
516 | 411541 
268 | 411809 
893 | 412702 
12 | 412714 
86 | 412800 
355 | 413155 
998 | 414153 
630 | 414783 
815 | 415598 
554 | 416152 
861 | 417013 
490 | 417503 
176 | 417679 
513 | 418192 
120 | 418312 
568 | 418880 
314 | 419194 
404 | 419598 
325 | 419923 
662 | 420585 
467 | 421052 
132 | 421184 
677 | 421861 
708 | 422569 
424 | 422993 
715 | 423708 
520 | 424228 
36 | 424264 
410 | 424674 
454 | 425128 
730 | 425858 
401 | 426259 
696 | 426955 
267 | 427222 
802 | 428024 
761 | 428785 
394 | 429179 
650 | 429829 
637 | 430466 
735 | 431201 
154 | 431355 
423 | 431778 
344 | 432122 
458 | 432580 
728 | 433308 
488 | 433796 
435 | 434231 
241 | 434472 
552 | 435024 
9 | 435033 
86 | 435119 
981 | 436100 
633 | 436733 
762 | 437495 
70 | 437565 
837 | 438402 
20 | 438422 
519 | 438941 
652 | 439593 
614 | 440207 
924 | 441131 
663 | 441794 
192 | 441986 
952 | 442938 
25 | 442963 
600 | 443563 
239 | 443802 
381 | 444183 
366 | 444549 
845 | 445394 
512 | 445906 
200 | 446106 
280 | 446386 
207 | 446593 
297 | 446890 
828 | 447718 
249 | 447967 
408 | 448375 
189 | 448564 
5 | 448569 
353 | 448922 
245 | 449167 
153 | 449320 
680 | 450000 
295 | 450295 
296 | 450591 
906 | 451497 
741 | 452238 
466 | 452704 
710 | 453414 
561 | 453975 
909 | 454884 
421 | 455305 
661 | 455966 
103 | 456069 
922 | 456991 
752 | 457743 
431 | 458174 
218 | 458392 
273 | 458665 
130 | 458795 
273 | 459068 
980 | 460048 
656 | 460704 
517 | 461221 
712 | 461933 
578 | 462511 
524 | 463035 
709 | 463744 
442 | 464186 
432 | 464618 
64 | 464682 
534 | 465216 
498 | 465714 
727 | 466441 
434 | 466875 
233 | 467108 
559 | 467667 
869 | 468536 
316 | 468852 
884 | 469736 
731 | 470467 
503 | 470970 
239 | 471209 
499 | 471708 
94 | 471802 
352 | 472154 
231 | 472385 
340 | 472725 
177 | 472902 
584 | 473486 
922 | 474408 
57 | 474465 
349 | 474814 
222 | 475036 
212 | 475248 
981 | 476229 
637 | 476866 
969 | 477835 
601 | 478436 
826 | 479262 
312 | 479574 
205 | 479779 
213 | 479992 
41 | 480033 
64 | 480097 
80 | 480177 
889 | 481066 
702 | 481768 
353 | 482121 
114 | 482235 
97 | 482332 
867 | 483199 
721 | 483920 
395 | 484315 
816 | 485131 
112 | 485243 
367 | 485610 
478 | 486088 
42 | 486130 
947 | 487077 
956 | 488033 
883 | 488916 
870 | 489786 
460 | 490246 
26 | 490272 
960 | 491232 
212 | 491444 
479 | 491923 
422 | 492345 
780 | 493125 
595 | 493720 
978 | 494698 
368 | 495066 
921 | 495987 
760 | 496747 
416 | 497163 
665 | 497828 
381 | 498209 
933 | 499142 
744 | 499886 
792 | 500678 
52 | 500730 
300 | 501030 
293 | 501323 
162 | 501485 
259 | 501744 
283 | 502027 
119 | 502146 
575 | 502721 
748 | 503469 
945 | 504414 
212 | 504626 
595 | 505221 
248 | 505469 
286 | 505755 
839 | 506594 
106 | 506700 
940 | 507640 
880 | 508520 
539 | 509059 
659 | 509718 
353 | 510071 
254 | 510325 
794 | 511119 
701 | 511820 
797 | 512617 
500 | 513117 
34 | 513151 
475 | 513626 
763 | 514389 
649 | 515038 
691 | 515729 
386 | 516115 
44 | 516159 
101 | 516260 
997 | 517257 
255 | 517512 
376 | 517888 
732 | 518620 
869 | 519489 
473 | 519962 
376 | 520338 
721 | 521059 
443 | 521502 
913 | 522415 
909 | 523324 
431 | 523755 
976 | 524731 
155 | 524886 
620 | 525506 
250 | 525756 
45 | 525801 
475 | 526276 
45 | 526321 
202 | 526523 
576 | 527099 
383 | 527482 
372 | 527854 
474 | 528328 
471 | 528799 

